<?xml version="1.0" encoding="UTF-8"?>
<testng-results ignored="0" total="1" passed="1" failed="0" skipped="0">
  <reporter-output>
  </reporter-output>
  <suite started-at="2022-08-16T13:17:02 IST" name="Default suite" finished-at="2022-08-16T13:17:27 IST" duration-ms="24627">
    <groups>
    </groups>
    <test started-at="2022-08-16T13:17:02 IST" name="Default test" finished-at="2022-08-16T13:17:27 IST" duration-ms="24627">
      <class name="log4j.Log4jTutorial">
        <test-method signature="log4j()[pri:0, instance:log4j.Log4jTutorial@6392827e]" started-at="2022-08-16T13:17:02 IST" name="log4j" finished-at="2022-08-16T13:17:27 IST" duration-ms="24516" status="PASS">
          <reporter-output>
          </reporter-output>
        </test-method> <!-- log4j -->
      </class> <!-- log4j.Log4jTutorial -->
    </test> <!-- Default test -->
  </suite> <!-- Default suite -->
</testng-results>
